   1               		.file	"keymap_poker.c"
   2               	__SP_H__ = 0x3e
   3               	__SP_L__ = 0x3d
   4               	__SREG__ = 0x3f
   5               	__tmp_reg__ = 0
   6               	__zero_reg__ = 1
   7               		.text
   8               	.Ltext0:
   9               		.cfi_sections	.debug_frame
  10               	.global	fn_actions
  11               		.section	.progmem.data.fn_actions,"a",@progbits
  14               	fn_actions:
  15 0000 F1A1      		.word	-24079
  16 0002 048A      		.word	-30204
  17 0004 F1A3      		.word	-23567
  18               	.global	keymaps
  19               		.section	.progmem.data.keymaps,"a",@progbits
  22               	keymaps:
  23 0000 29        		.byte	41
  24 0001 3A        		.byte	58
  25 0002 3B        		.byte	59
  26 0003 3C        		.byte	60
  27 0004 3D        		.byte	61
  28 0005 3E        		.byte	62
  29 0006 3F        		.byte	63
  30 0007 40        		.byte	64
  31 0008 41        		.byte	65
  32 0009 42        		.byte	66
  33 000a 43        		.byte	67
  34 000b 44        		.byte	68
  35 000c 45        		.byte	69
  36 000d C1        		.byte	-63
  37 000e 4C        		.byte	76
  38 000f 35        		.byte	53
  39 0010 1E        		.byte	30
  40 0011 1F        		.byte	31
  41 0012 20        		.byte	32
  42 0013 21        		.byte	33
  43 0014 22        		.byte	34
  44 0015 23        		.byte	35
  45 0016 24        		.byte	36
  46 0017 25        		.byte	37
  47 0018 26        		.byte	38
  48 0019 27        		.byte	39
  49 001a 2D        		.byte	45
  50 001b 2E        		.byte	46
  51 001c 00        		.byte	0
  52 001d 2A        		.byte	42
  53 001e 2B        		.byte	43
  54 001f 14        		.byte	20
  55 0020 1A        		.byte	26
  56 0021 08        		.byte	8
  57 0022 15        		.byte	21
  58 0023 17        		.byte	23
  59 0024 1C        		.byte	28
  60 0025 18        		.byte	24
  61 0026 0C        		.byte	12
  62 0027 12        		.byte	18
  63 0028 13        		.byte	19
  64 0029 2F        		.byte	47
  65 002a 30        		.byte	48
  66 002b 00        		.byte	0
  67 002c 31        		.byte	49
  68 002d E0        		.byte	-32
  69 002e 04        		.byte	4
  70 002f 16        		.byte	22
  71 0030 07        		.byte	7
  72 0031 09        		.byte	9
  73 0032 0A        		.byte	10
  74 0033 0B        		.byte	11
  75 0034 0D        		.byte	13
  76 0035 0E        		.byte	14
  77 0036 0F        		.byte	15
  78 0037 33        		.byte	51
  79 0038 34        		.byte	52
  80 0039 00        		.byte	0
  81 003a 28        		.byte	40
  82 003b 00        		.byte	0
  83 003c E1        		.byte	-31
  84 003d 1D        		.byte	29
  85 003e 1B        		.byte	27
  86 003f 06        		.byte	6
  87 0040 19        		.byte	25
  88 0041 05        		.byte	5
  89 0042 11        		.byte	17
  90 0043 10        		.byte	16
  91 0044 36        		.byte	54
  92 0045 37        		.byte	55
  93 0046 38        		.byte	56
  94 0047 00        		.byte	0
  95 0048 E5        		.byte	-27
  96 0049 00        		.byte	0
  97 004a 00        		.byte	0
  98 004b 00        		.byte	0
  99 004c E3        		.byte	-29
 100 004d E2        		.byte	-30
 101 004e 00        		.byte	0
 102 004f 00        		.byte	0
 103 0050 2C        		.byte	44
 104 0051 00        		.byte	0
 105 0052 00        		.byte	0
 106 0053 00        		.byte	0
 107 0054 C0        		.byte	-64
 108 0055 C2        		.byte	-62
 109 0056 00        		.byte	0
 110 0057 00        		.byte	0
 111 0058 00        		.byte	0
 112 0059 00        		.zero	1
 113 005a 01        		.byte	1
 114 005b 01        		.byte	1
 115 005c 01        		.byte	1
 116 005d 01        		.byte	1
 117 005e 01        		.byte	1
 118 005f 01        		.byte	1
 119 0060 01        		.byte	1
 120 0061 AC        		.byte	-84
 121 0062 B0        		.byte	-80
 122 0063 AB        		.byte	-85
 123 0064 A8        		.byte	-88
 124 0065 AA        		.byte	-86
 125 0066 A9        		.byte	-87
 126 0067 01        		.byte	1
 127 0068 01        		.byte	1
 128 0069 01        		.byte	1
 129 006a 01        		.byte	1
 130 006b 01        		.byte	1
 131 006c 01        		.byte	1
 132 006d 01        		.byte	1
 133 006e 01        		.byte	1
 134 006f 01        		.byte	1
 135 0070 01        		.byte	1
 136 0071 01        		.byte	1
 137 0072 01        		.byte	1
 138 0073 01        		.byte	1
 139 0074 01        		.byte	1
 140 0075 01        		.byte	1
 141 0076 00        		.byte	0
 142 0077 01        		.byte	1
 143 0078 01        		.byte	1
 144 0079 01        		.byte	1
 145 007a 01        		.byte	1
 146 007b 01        		.byte	1
 147 007c 01        		.byte	1
 148 007d 01        		.byte	1
 149 007e 01        		.byte	1
 150 007f 01        		.byte	1
 151 0080 46        		.byte	70
 152 0081 47        		.byte	71
 153 0082 48        		.byte	72
 154 0083 52        		.byte	82
 155 0084 01        		.byte	1
 156 0085 00        		.byte	0
 157 0086 01        		.byte	1
 158 0087 01        		.byte	1
 159 0088 01        		.byte	1
 160 0089 01        		.byte	1
 161 008a 01        		.byte	1
 162 008b 01        		.byte	1
 163 008c 01        		.byte	1
 164 008d 01        		.byte	1
 165 008e 01        		.byte	1
 166 008f 4A        		.byte	74
 167 0090 4B        		.byte	75
 168 0091 50        		.byte	80
 169 0092 4F        		.byte	79
 170 0093 00        		.byte	0
 171 0094 01        		.byte	1
 172 0095 00        		.byte	0
 173 0096 01        		.byte	1
 174 0097 01        		.byte	1
 175 0098 01        		.byte	1
 176 0099 01        		.byte	1
 177 009a 01        		.byte	1
 178 009b 01        		.byte	1
 179 009c 01        		.byte	1
 180 009d 01        		.byte	1
 181 009e 4D        		.byte	77
 182 009f 4E        		.byte	78
 183 00a0 51        		.byte	81
 184 00a1 00        		.byte	0
 185 00a2 01        		.byte	1
 186 00a3 00        		.byte	0
 187 00a4 00        		.byte	0
 188 00a5 00        		.byte	0
 189 00a6 01        		.byte	1
 190 00a7 01        		.byte	1
 191 00a8 00        		.byte	0
 192 00a9 00        		.byte	0
 193 00aa 01        		.byte	1
 194 00ab 00        		.byte	0
 195 00ac 00        		.byte	0
 196 00ad 00        		.byte	0
 197 00ae 01        		.byte	1
 198 00af 01        		.byte	1
 199 00b0 00        		.byte	0
 200 00b1 00        		.byte	0
 201 00b2 00        		.byte	0
 202 00b3 00        		.zero	1
 203 00b4 01        		.byte	1
 204 00b5 01        		.byte	1
 205 00b6 01        		.byte	1
 206 00b7 01        		.byte	1
 207 00b8 01        		.byte	1
 208 00b9 01        		.byte	1
 209 00ba 01        		.byte	1
 210 00bb 01        		.byte	1
 211 00bc 01        		.byte	1
 212 00bd 01        		.byte	1
 213 00be 01        		.byte	1
 214 00bf 01        		.byte	1
 215 00c0 01        		.byte	1
 216 00c1 01        		.byte	1
 217 00c2 01        		.byte	1
 218 00c3 01        		.byte	1
 219 00c4 13        		.byte	19
 220 00c5 14        		.byte	20
 221 00c6 0E        		.byte	14
 222 00c7 25        		.byte	37
 223 00c8 1F        		.byte	31
 224 00c9 1B        		.byte	27
 225 00ca 17        		.byte	23
 226 00cb 04        		.byte	4
 227 00cc 22        		.byte	34
 228 00cd 0D        		.byte	13
 229 00ce 01        		.byte	1
 230 00cf 01        		.byte	1
 231 00d0 00        		.byte	0
 232 00d1 01        		.byte	1
 233 00d2 01        		.byte	1
 234 00d3 08        		.byte	8
 235 00d4 0F        		.byte	15
 236 00d5 12        		.byte	18
 237 00d6 0C        		.byte	12
 238 00d7 06        		.byte	6
 239 00d8 0B        		.byte	11
 240 00d9 21        		.byte	33
 241 00da 27        		.byte	39
 242 00db 18        		.byte	24
 243 00dc 07        		.byte	7
 244 00dd 01        		.byte	1
 245 00de 01        		.byte	1
 246 00df 00        		.byte	0
 247 00e0 01        		.byte	1
 248 00e1 01        		.byte	1
 249 00e2 0A        		.byte	10
 250 00e3 1C        		.byte	28
 251 00e4 15        		.byte	21
 252 00e5 1A        		.byte	26
 253 00e6 20        		.byte	32
 254 00e7 27        		.byte	39
 255 00e8 11        		.byte	17
 256 00e9 23        		.byte	35
 257 00ea 10        		.byte	16
 258 00eb 01        		.byte	1
 259 00ec 01        		.byte	1
 260 00ed 00        		.byte	0
 261 00ee 01        		.byte	1
 262 00ef 00        		.byte	0
 263 00f0 01        		.byte	1
 264 00f1 05        		.byte	5
 265 00f2 09        		.byte	9
 266 00f3 1E        		.byte	30
 267 00f4 1D        		.byte	29
 268 00f5 16        		.byte	22
 269 00f6 1D        		.byte	29
 270 00f7 24        		.byte	36
 271 00f8 01        		.byte	1
 272 00f9 01        		.byte	1
 273 00fa 01        		.byte	1
 274 00fb 00        		.byte	0
 275 00fc 01        		.byte	1
 276 00fd 00        		.byte	0
 277 00fe 00        		.byte	0
 278 00ff 00        		.byte	0
 279 0100 01        		.byte	1
 280 0101 01        		.byte	1
 281 0102 00        		.byte	0
 282 0103 00        		.byte	0
 283 0104 01        		.byte	1
 284 0105 00        		.byte	0
 285 0106 00        		.byte	0
 286 0107 00        		.byte	0
 287 0108 01        		.byte	1
 288 0109 01        		.byte	1
 289 010a 00        		.byte	0
 290 010b 00        		.byte	0
 291 010c 00        		.byte	0
 292 010d 00        		.zero	1
 293 010e 01        		.byte	1
 294 010f 01        		.byte	1
 295 0110 01        		.byte	1
 296 0111 01        		.byte	1
 297 0112 01        		.byte	1
 298 0113 01        		.byte	1
 299 0114 01        		.byte	1
 300 0115 01        		.byte	1
 301 0116 01        		.byte	1
 302 0117 01        		.byte	1
 303 0118 01        		.byte	1
 304 0119 01        		.byte	1
 305 011a 01        		.byte	1
 306 011b 01        		.byte	1
 307 011c 01        		.byte	1
 308 011d 01        		.byte	1
 309 011e 01        		.byte	1
 310 011f 01        		.byte	1
 311 0120 01        		.byte	1
 312 0121 01        		.byte	1
 313 0122 01        		.byte	1
 314 0123 01        		.byte	1
 315 0124 01        		.byte	1
 316 0125 01        		.byte	1
 317 0126 01        		.byte	1
 318 0127 01        		.byte	1
 319 0128 01        		.byte	1
 320 0129 01        		.byte	1
 321 012a 00        		.byte	0
 322 012b 01        		.byte	1
 323 012c 01        		.byte	1
 324 012d F4        		.byte	-12
 325 012e 01        		.byte	1
 326 012f F5        		.byte	-11
 327 0130 01        		.byte	1
 328 0131 01        		.byte	1
 329 0132 01        		.byte	1
 330 0133 01        		.byte	1
 331 0134 01        		.byte	1
 332 0135 01        		.byte	1
 333 0136 01        		.byte	1
 334 0137 F0        		.byte	-16
 335 0138 01        		.byte	1
 336 0139 00        		.byte	0
 337 013a 01        		.byte	1
 338 013b 01        		.byte	1
 339 013c 01        		.byte	1
 340 013d 01        		.byte	1
 341 013e 01        		.byte	1
 342 013f 01        		.byte	1
 343 0140 01        		.byte	1
 344 0141 01        		.byte	1
 345 0142 01        		.byte	1
 346 0143 01        		.byte	1
 347 0144 01        		.byte	1
 348 0145 F2        		.byte	-14
 349 0146 F3        		.byte	-13
 350 0147 00        		.byte	0
 351 0148 01        		.byte	1
 352 0149 00        		.byte	0
 353 014a 01        		.byte	1
 354 014b 01        		.byte	1
 355 014c 01        		.byte	1
 356 014d 01        		.byte	1
 357 014e 01        		.byte	1
 358 014f 01        		.byte	1
 359 0150 01        		.byte	1
 360 0151 01        		.byte	1
 361 0152 01        		.byte	1
 362 0153 01        		.byte	1
 363 0154 F1        		.byte	-15
 364 0155 00        		.byte	0
 365 0156 01        		.byte	1
 366 0157 00        		.byte	0
 367 0158 00        		.byte	0
 368 0159 00        		.byte	0
 369 015a 01        		.byte	1
 370 015b 01        		.byte	1
 371 015c 00        		.byte	0
 372 015d 00        		.byte	0
 373 015e 01        		.byte	1
 374 015f 00        		.byte	0
 375 0160 00        		.byte	0
 376 0161 00        		.byte	0
 377 0162 01        		.byte	1
 378 0163 01        		.byte	1
 379 0164 00        		.byte	0
 380 0165 00        		.byte	0
 381 0166 00        		.byte	0
 382 0167 00        		.zero	1
 383               		.text
 384               	.Letext0:
 385               		.file 1 "/usr/avr/include/stdint.h"
 386               		.file 2 "../../tmk_core/common/keycode.h"
 387               		.file 3 "../../tmk_core/common/action_code.h"
 388               		.file 4 "../../tmk_core/protocol/lufa/LUFA-git/LUFA/Drivers/USB/Core/USBTask.h"
 389               		.file 5 "keymap_poker.c"
DEFINED SYMBOLS
                            *ABS*:0000000000000000 keymap_poker.c
     /tmp/ccBlo8VL.s:2      *ABS*:000000000000003e __SP_H__
     /tmp/ccBlo8VL.s:3      *ABS*:000000000000003d __SP_L__
     /tmp/ccBlo8VL.s:4      *ABS*:000000000000003f __SREG__
     /tmp/ccBlo8VL.s:5      *ABS*:0000000000000000 __tmp_reg__
     /tmp/ccBlo8VL.s:6      *ABS*:0000000000000001 __zero_reg__
     /tmp/ccBlo8VL.s:14     .progmem.data.fn_actions:0000000000000000 fn_actions
     /tmp/ccBlo8VL.s:22     .progmem.data.keymaps:0000000000000000 keymaps

NO UNDEFINED SYMBOLS
