   1               		.file	"keymap_common.c"
   2               	__SP_H__ = 0x3e
   3               	__SP_L__ = 0x3d
   4               	__SREG__ = 0x3f
   5               	__tmp_reg__ = 0
   6               	__zero_reg__ = 1
   7               		.text
   8               	.Ltext0:
   9               		.cfi_sections	.debug_frame
  10               		.section	.text.keymap_key_to_keycode,"ax",@progbits
  11               	.global	keymap_key_to_keycode
  13               	keymap_key_to_keycode:
  14               	.LFB103:
  15               		.file 1 "keymap_common.c"
   1:keymap_common.c **** /*
   2:keymap_common.c **** Copyright 2012,2013 Jun Wako <wakojun@gmail.com>
   3:keymap_common.c **** 
   4:keymap_common.c **** This program is free software: you can redistribute it and/or modify
   5:keymap_common.c **** it under the terms of the GNU General Public License as published by
   6:keymap_common.c **** the Free Software Foundation, either version 2 of the License, or
   7:keymap_common.c **** (at your option) any later version.
   8:keymap_common.c **** 
   9:keymap_common.c **** This program is distributed in the hope that it will be useful,
  10:keymap_common.c **** but WITHOUT ANY WARRANTY; without even the implied warranty of
  11:keymap_common.c **** MERCHANTABILITY or FITNESS FOR A PARTICULAR PURPOSE.  See the
  12:keymap_common.c **** GNU General Public License for more details.
  13:keymap_common.c **** 
  14:keymap_common.c **** You should have received a copy of the GNU General Public License
  15:keymap_common.c **** along with this program.  If not, see <http://www.gnu.org/licenses/>.
  16:keymap_common.c **** */
  17:keymap_common.c **** #include "keymap_common.h"
  18:keymap_common.c **** 
  19:keymap_common.c **** 
  20:keymap_common.c **** /* translates key to keycode */
  21:keymap_common.c **** uint8_t keymap_key_to_keycode(uint8_t layer, keypos_t key)
  22:keymap_common.c **** {
  16               		.loc 1 22 0
  17               		.cfi_startproc
  18               	.LVL0:
  19               	/* prologue: function */
  20               	/* frame size = 0 */
  21               	/* stack size = 0 */
  22               	.L__stack_usage = 0
  23               	.LBB2:
  23:keymap_common.c ****     return pgm_read_byte(&keymaps[(layer)][(key.row)][(key.col)]);
  24               		.loc 1 23 0
  25 0000 2AE5      		ldi r18,lo8(90)
  26 0002 829F      		mul r24,r18
  27 0004 C001      		movw r24,r0
  28 0006 1124      		clr __zero_reg__
  29               	.LVL1:
  30 0008 FC01      		movw r30,r24
  31 000a 2FE0      		ldi r18,lo8(15)
  32 000c 729F      		mul r23,r18
  33 000e E00D      		add r30,r0
  34 0010 F11D      		adc r31,r1
  35 0012 1124      		clr __zero_reg__
  36 0014 E60F      		add r30,r22
  37 0016 F11D      		adc r31,__zero_reg__
  38 0018 E050      		subi r30,lo8(-(keymaps))
  39 001a F040      		sbci r31,hi8(-(keymaps))
  40               	/* #APP */
  41               	 ;  23 "keymap_common.c" 1
  42 001c 8491      		lpm r24, Z
  43               		
  44               	 ;  0 "" 2
  45               	.LVL2:
  46               	/* #NOAPP */
  47               	.LBE2:
  24:keymap_common.c **** }
  48               		.loc 1 24 0
  49 001e 0895      		ret
  50               		.cfi_endproc
  51               	.LFE103:
  53               		.section	.text.keymap_fn_to_action,"ax",@progbits
  54               	.global	keymap_fn_to_action
  56               	keymap_fn_to_action:
  57               	.LFB104:
  25:keymap_common.c **** 
  26:keymap_common.c **** /* translates Fn keycode to action */
  27:keymap_common.c **** action_t keymap_fn_to_action(uint8_t keycode)
  28:keymap_common.c **** {
  58               		.loc 1 28 0
  59               		.cfi_startproc
  60               	.LVL3:
  61               	/* prologue: function */
  62               	/* frame size = 0 */
  63               	/* stack size = 0 */
  64               	.L__stack_usage = 0
  65               	.LBB3:
  29:keymap_common.c ****     return (action_t){ .code = pgm_read_word(&fn_actions[FN_INDEX(keycode)]) };
  66               		.loc 1 29 0
  67 0000 E82F      		mov r30,r24
  68 0002 F0E0      		ldi r31,0
  69 0004 EE0F      		lsl r30
  70 0006 FF1F      		rol r31
  71               	.LVL4:
  72 0008 E050      		subi r30,lo8(-(fn_actions-384))
  73 000a F040      		sbci r31,hi8(-(fn_actions-384))
  74               	.LVL5:
  75               	/* #APP */
  76               	 ;  29 "keymap_common.c" 1
  77 000c 8591      		lpm r24, Z+
  78 000e 9491      		lpm r25, Z
  79               		
  80               	 ;  0 "" 2
  81               	.LVL6:
  82               	/* #NOAPP */
  83               	.LBE3:
  30:keymap_common.c **** }
  84               		.loc 1 30 0
  85 0010 0895      		ret
  86               		.cfi_endproc
  87               	.LFE104:
  89               		.text
  90               	.Letext0:
  91               		.file 2 "/usr/avr/include/stdint.h"
  92               		.file 3 "../../tmk_core/common/keyboard.h"
  93               		.file 4 "../../tmk_core/common/action_code.h"
  94               		.file 5 "../../tmk_core/protocol/lufa/LUFA-git/LUFA/Drivers/USB/Core/USBTask.h"
  95               		.file 6 "keymap_common.h"
  96               		.file 7 "../../tmk_core/common/keycode.h"
DEFINED SYMBOLS
                            *ABS*:0000000000000000 keymap_common.c
     /tmp/cc4q1aUM.s:2      *ABS*:000000000000003e __SP_H__
     /tmp/cc4q1aUM.s:3      *ABS*:000000000000003d __SP_L__
     /tmp/cc4q1aUM.s:4      *ABS*:000000000000003f __SREG__
     /tmp/cc4q1aUM.s:5      *ABS*:0000000000000000 __tmp_reg__
     /tmp/cc4q1aUM.s:6      *ABS*:0000000000000001 __zero_reg__
     /tmp/cc4q1aUM.s:13     .text.keymap_key_to_keycode:0000000000000000 keymap_key_to_keycode
     /tmp/cc4q1aUM.s:56     .text.keymap_fn_to_action:0000000000000000 keymap_fn_to_action

UNDEFINED SYMBOLS
keymaps
fn_actions
