   1               		.file	"led.c"
   2               	__SP_H__ = 0x3e
   3               	__SP_L__ = 0x3d
   4               	__SREG__ = 0x3f
   5               	__tmp_reg__ = 0
   6               	__zero_reg__ = 1
   7               		.text
   8               	.Ltext0:
   9               		.cfi_sections	.debug_frame
  10               		.section	.text.led_layer_set,"ax",@progbits
  11               	.global	led_layer_set
  13               	led_layer_set:
  14               	.LFB0:
  15               		.file 1 "led.c"
   1:led.c         **** /*
   2:led.c         **** Copyright 2012 Jun Wako <wakojun@gmail.com>
   3:led.c         **** 
   4:led.c         **** This program is free software: you can redistribute it and/or modify
   5:led.c         **** it under the terms of the GNU General Public License as published by
   6:led.c         **** the Free Software Foundation, either version 2 of the License, or
   7:led.c         **** (at your option) any later version.
   8:led.c         **** 
   9:led.c         **** This program is distributed in the hope that it will be useful,
  10:led.c         **** but WITHOUT ANY WARRANTY; without even the implied warranty of
  11:led.c         **** MERCHANTABILITY or FITNESS FOR A PARTICULAR PURPOSE.  See the
  12:led.c         **** GNU General Public License for more details.
  13:led.c         **** 
  14:led.c         **** You should have received a copy of the GNU General Public License
  15:led.c         **** along with this program.  If not, see <http://www.gnu.org/licenses/>.
  16:led.c         **** */
  17:led.c         **** 
  18:led.c         **** #include <avr/io.h>
  19:led.c         **** #include "stdint.h"
  20:led.c         **** #include "led.h"
  21:led.c         **** 
  22:led.c         **** 
  23:led.c         **** void led_layer_set(uint32_t state) {
  16               		.loc 1 23 0
  17               		.cfi_startproc
  18               	.LVL0:
  19               	/* prologue: function */
  20               	/* frame size = 0 */
  21               	/* stack size = 0 */
  22               	.L__stack_usage = 0
  24:led.c         ****   DDRB |= (1<<0);
  23               		.loc 1 24 0
  24 0000 209A      		sbi 0x4,0
  25:led.c         **** 
  26:led.c         ****   /* Led for Layer 2 */
  27:led.c         ****   if ((1<<2 & state) != 0) {
  25               		.loc 1 27 0
  26 0002 62FF      		sbrs r22,2
  27 0004 00C0      		rjmp .L2
  28:led.c         ****     PORTB &= ~(1<<0);
  28               		.loc 1 28 0
  29 0006 2898      		cbi 0x5,0
  30 0008 0895      		ret
  31               	.L2:
  29:led.c         ****   } else {
  30:led.c         ****     PORTB |= (1<<0);
  32               		.loc 1 30 0
  33 000a 289A      		sbi 0x5,0
  34 000c 0895      		ret
  35               		.cfi_endproc
  36               	.LFE0:
  38               		.section	.text.led_set,"ax",@progbits
  39               	.global	led_set
  41               	led_set:
  42               	.LFB1:
  31:led.c         ****   }
  32:led.c         **** }
  33:led.c         **** 
  34:led.c         **** void led_set(uint8_t usb_led)
  35:led.c         **** {
  43               		.loc 1 35 0
  44               		.cfi_startproc
  45               	.LVL1:
  46               	/* prologue: function */
  47               	/* frame size = 0 */
  48               	/* stack size = 0 */
  49               	.L__stack_usage = 0
  50 0000 0895      		ret
  51               		.cfi_endproc
  52               	.LFE1:
  54               		.text
  55               	.Letext0:
  56               		.file 2 "/usr/avr/include/stdint.h"
DEFINED SYMBOLS
                            *ABS*:0000000000000000 led.c
     /tmp/ccEbsea6.s:2      *ABS*:000000000000003e __SP_H__
     /tmp/ccEbsea6.s:3      *ABS*:000000000000003d __SP_L__
     /tmp/ccEbsea6.s:4      *ABS*:000000000000003f __SREG__
     /tmp/ccEbsea6.s:5      *ABS*:0000000000000000 __tmp_reg__
     /tmp/ccEbsea6.s:6      *ABS*:0000000000000001 __zero_reg__
     /tmp/ccEbsea6.s:13     .text.led_layer_set:0000000000000000 led_layer_set
     /tmp/ccEbsea6.s:41     .text.led_set:0000000000000000 led_set

NO UNDEFINED SYMBOLS
